  [1m[35m (14.6ms)[0m  [1m[35mCREATE TABLE "schema_migrations" ("version" varchar NOT NULL PRIMARY KEY)[0m
  [1m[35m (13.2ms)[0m  [1m[35mCREATE TABLE "ar_internal_metadata" ("key" varchar NOT NULL PRIMARY KEY, "value" varchar, "created_at" datetime(6) NOT NULL, "updated_at" datetime(6) NOT NULL)[0m
  [1m[36mActiveRecord::SchemaMigration Pluck (0.2ms)[0m  [1m[34mSELECT "schema_migrations"."version" FROM "schema_migrations" ORDER BY "schema_migrations"."version" ASC[0m
Migrating to CreateCabs (20230704085104)
  [1m[36mTRANSACTION (0.1ms)[0m  [1m[36mbegin transaction[0m
  [1m[35m (0.5ms)[0m  [1m[35mCREATE TABLE "cabs" ("id" integer PRIMARY KEY AUTOINCREMENT NOT NULL, "name" varchar, "license_plate" varchar, "capacity" integer, "created_at" datetime(6) NOT NULL, "updated_at" datetime(6) NOT NULL)[0m
  [1m[36mActiveRecord::SchemaMigration Create (0.9ms)[0m  [1m[32mINSERT INTO "schema_migrations" ("version") VALUES (?)[0m  [["version", "20230704085104"]]
  [1m[36mTRANSACTION (14.6ms)[0m  [1m[36mcommit transaction[0m
Migrating to CreateBookings (20230704085132)
  [1m[36mTRANSACTION (0.2ms)[0m  [1m[36mbegin transaction[0m
  [1m[35m (0.5ms)[0m  [1m[35mCREATE TABLE "bookings" ("id" integer PRIMARY KEY AUTOINCREMENT NOT NULL, "customer_name" varchar, "pickup_location" varchar, "dropoff_location" varchar, "cab_id" integer NOT NULL, "created_at" datetime(6) NOT NULL, "updated_at" datetime(6) NOT NULL, CONSTRAINT "fk_rails_24980641d1"
FOREIGN KEY ("cab_id")
  REFERENCES "cabs" ("id")
)[0m
  [1m[35m (0.4ms)[0m  [1m[35mCREATE INDEX "index_bookings_on_cab_id" ON "bookings" ("cab_id")[0m
  [1m[36mActiveRecord::SchemaMigration Create (0.3ms)[0m  [1m[32mINSERT INTO "schema_migrations" ("version") VALUES (?)[0m  [["version", "20230704085132"]]
  [1m[36mTRANSACTION (7.7ms)[0m  [1m[36mcommit transaction[0m
  [1m[36mActiveRecord::InternalMetadata Load (0.2ms)[0m  [1m[34mSELECT "ar_internal_metadata".* FROM "ar_internal_metadata" WHERE "ar_internal_metadata"."key" = ? LIMIT ?[0m  [["key", "environment"], ["LIMIT", 1]]
  [1m[36mTRANSACTION (0.1ms)[0m  [1m[36mbegin transaction[0m
  [1m[36mActiveRecord::InternalMetadata Create (0.2ms)[0m  [1m[32mINSERT INTO "ar_internal_metadata" ("key", "value", "created_at", "updated_at") VALUES (?, ?, ?, ?)[0m  [["key", "environment"], ["value", "development"], ["created_at", "2023-07-04 08:55:22.702008"], ["updated_at", "2023-07-04 08:55:22.702008"]]
  [1m[36mTRANSACTION (5.8ms)[0m  [1m[36mcommit transaction[0m
  [1m[36mActiveRecord::SchemaMigration Pluck (0.1ms)[0m  [1m[34mSELECT "schema_migrations"."version" FROM "schema_migrations" ORDER BY "schema_migrations"."version" ASC[0m
Started GET "/" for 127.0.0.1 at 2023-07-04 12:13:32 +0300
  [1m[36mActiveRecord::SchemaMigration Pluck (0.3ms)[0m  [1m[34mSELECT "schema_migrations"."version" FROM "schema_migrations" ORDER BY "schema_migrations"."version" ASC[0m
Processing by Rails::WelcomeController#index as HTML
  Rendering /home/user/.rvm/gems/ruby-2.7.2/gems/railties-7.0.6/lib/rails/templates/rails/welcome/index.html.erb
  Rendered /home/user/.rvm/gems/ruby-2.7.2/gems/railties-7.0.6/lib/rails/templates/rails/welcome/index.html.erb (Duration: 5.6ms | Allocations: 767)
Completed 200 OK in 40ms (Views: 11.7ms | ActiveRecord: 0.0ms | Allocations: 8911)


  [1m[36mActiveRecord::SchemaMigration Pluck (0.2ms)[0m  [1m[34mSELECT "schema_migrations"."version" FROM "schema_migrations" ORDER BY "schema_migrations"."version" ASC[0m
  [1m[36mTRANSACTION (0.1ms)[0m  [1m[36mbegin transaction[0m
  [1m[36mCab Create (0.3ms)[0m  [1m[32mINSERT INTO "cabs" ("name", "license_plate", "capacity", "created_at", "updated_at") VALUES (?, ?, ?, ?, ?)[0m  [["name", "Yellow Cab"], ["license_plate", "XYZ123"], ["capacity", 4], ["created_at", "2023-07-04 10:00:02.039478"], ["updated_at", "2023-07-04 10:00:02.039478"]]
  [1m[36mTRANSACTION (6.8ms)[0m  [1m[36mcommit transaction[0m
  [1m[36mTRANSACTION (0.1ms)[0m  [1m[36mbegin transaction[0m
  [1m[36mBooking Create (0.3ms)[0m  [1m[32mINSERT INTO "bookings" ("customer_name", "pickup_location", "dropoff_location", "cab_id", "created_at", "updated_at") VALUES (?, ?, ?, ?, ?, ?)[0m  [["customer_name", "John Doe"], ["pickup_location", "123 Main St"], ["dropoff_location", "456 Elm St"], ["cab_id", 1], ["created_at", "2023-07-04 10:00:02.071222"], ["updated_at", "2023-07-04 10:00:02.071222"]]
  [1m[36mTRANSACTION (12.8ms)[0m  [1m[36mcommit transaction[0m
Started GET "/" for 127.0.0.1 at 2023-07-04 13:00:22 +0300
Processing by Rails::WelcomeController#index as HTML
  Rendering /home/user/.rvm/gems/ruby-2.7.2/gems/railties-7.0.6/lib/rails/templates/rails/welcome/index.html.erb
  Rendered /home/user/.rvm/gems/ruby-2.7.2/gems/railties-7.0.6/lib/rails/templates/rails/welcome/index.html.erb (Duration: 1.2ms | Allocations: 454)
Completed 200 OK in 3ms (Views: 2.3ms | Allocations: 1218)


Started GET "/cabs" for 127.0.0.1 at 2023-07-04 13:00:29 +0300
Processing by CabsController#index as HTML
  [1m[36mCab Load (0.1ms)[0m  [1m[34mSELECT "cabs".* FROM "cabs"[0m
  ↳ app/controllers/cabs_controller.rb:4:in `index'
Completed 200 OK in 29ms (Views: 18.7ms | ActiveRecord: 1.3ms | Allocations: 18670)


Started GET "/bookings" for 127.0.0.1 at 2023-07-04 13:00:41 +0300
  
ActionController::RoutingError (No route matches [GET] "/bookings"):
  
Started GET "/booking" for 127.0.0.1 at 2023-07-04 13:00:56 +0300
  
ActionController::RoutingError (No route matches [GET] "/booking"):
  
Started GET "/booking" for 127.0.0.1 at 2023-07-04 13:01:00 +0300
  
ActionController::RoutingError (No route matches [GET] "/booking"):
  
Started GET "/cabs" for 127.0.0.1 at 2023-07-04 13:01:07 +0300
Processing by CabsController#index as HTML
  [1m[36mCab Load (0.2ms)[0m  [1m[34mSELECT "cabs".* FROM "cabs"[0m
  ↳ app/controllers/cabs_controller.rb:4:in `index'
Completed 200 OK in 9ms (Views: 8.1ms | ActiveRecord: 0.2ms | Allocations: 718)


Started GET "/cabs" for 127.0.0.1 at 2023-07-05 08:51:53 +0300
Processing by CabsController#index as HTML
  [1m[36mCab Load (0.6ms)[0m  [1m[34mSELECT "cabs".* FROM "cabs"[0m
  ↳ app/controllers/cabs_controller.rb:4:in `index'
Completed 200 OK in 71ms (Views: 49.8ms | ActiveRecord: 4.3ms | Allocations: 3626)


Started GET "/bookings" for 127.0.0.1 at 2023-07-05 08:52:03 +0300
  
ActionController::RoutingError (No route matches [GET] "/bookings"):
  
Started GET "/booking" for 127.0.0.1 at 2023-07-05 08:52:14 +0300
  
ActionController::RoutingError (No route matches [GET] "/booking"):
  
Started GET "/Bookigs" for 127.0.0.1 at 2023-07-05 08:52:24 +0300
  
ActionController::RoutingError (No route matches [GET] "/Bookigs"):
  
Started GET "/cabs" for 127.0.0.1 at 2023-07-05 08:52:30 +0300
Processing by CabsController#index as HTML
  [1m[36mCab Load (0.2ms)[0m  [1m[34mSELECT "cabs".* FROM "cabs"[0m
  ↳ app/controllers/cabs_controller.rb:4:in `index'
Completed 200 OK in 3ms (Views: 2.5ms | ActiveRecord: 0.2ms | Allocations: 716)


Started GET "/" for 127.0.0.1 at 2023-07-05 08:59:45 +0300
  [1m[36mActiveRecord::SchemaMigration Pluck (0.3ms)[0m  [1m[34mSELECT "schema_migrations"."version" FROM "schema_migrations" ORDER BY "schema_migrations"."version" ASC[0m
Processing by Rails::WelcomeController#index as HTML
  Rendering /home/user/.rvm/gems/ruby-2.7.2/gems/railties-7.0.6/lib/rails/templates/rails/welcome/index.html.erb
  Rendered /home/user/.rvm/gems/ruby-2.7.2/gems/railties-7.0.6/lib/rails/templates/rails/welcome/index.html.erb (Duration: 3.8ms | Allocations: 660)
Completed 200 OK in 33ms (Views: 9.8ms | ActiveRecord: 0.0ms | Allocations: 6467)


Started GET "/" for 127.0.0.1 at 2023-07-05 08:59:54 +0300
Processing by Rails::WelcomeController#index as HTML
  Rendering /home/user/.rvm/gems/ruby-2.7.2/gems/railties-7.0.6/lib/rails/templates/rails/welcome/index.html.erb
  Rendered /home/user/.rvm/gems/ruby-2.7.2/gems/railties-7.0.6/lib/rails/templates/rails/welcome/index.html.erb (Duration: 1.3ms | Allocations: 449)
Completed 200 OK in 8ms (Views: 6.5ms | ActiveRecord: 0.0ms | Allocations: 1211)


Started GET "/cabs" for 127.0.0.1 at 2023-07-05 09:00:03 +0300
Processing by CabsController#index as HTML
  [1m[36mCab Load (0.3ms)[0m  [1m[34mSELECT "cabs".* FROM "cabs"[0m
  ↳ app/controllers/cabs_controller.rb:4:in `index'
Completed 200 OK in 55ms (Views: 35.1ms | ActiveRecord: 2.8ms | Allocations: 18554)


Started GET "/bookings" for 127.0.0.1 at 2023-07-05 09:00:12 +0300
  
ActionController::RoutingError (No route matches [GET] "/bookings"):
  
Started GET "/bookings" for 127.0.0.1 at 2023-07-05 09:02:17 +0300
  
AbstractController::ActionNotFound (The action 'index' could not be found for BookingsController):
  
actionpack (7.0.6) lib/abstract_controller/base.rb:146:in `process'
actionpack (7.0.6) lib/action_controller/metal.rb:188:in `dispatch'
actionpack (7.0.6) lib/action_controller/metal.rb:251:in `dispatch'
actionpack (7.0.6) lib/action_dispatch/routing/route_set.rb:49:in `dispatch'
actionpack (7.0.6) lib/action_dispatch/routing/route_set.rb:32:in `serve'
actionpack (7.0.6) lib/action_dispatch/journey/router.rb:50:in `block in serve'
actionpack (7.0.6) lib/action_dispatch/journey/router.rb:32:in `each'
actionpack (7.0.6) lib/action_dispatch/journey/router.rb:32:in `serve'
actionpack (7.0.6) lib/action_dispatch/routing/route_set.rb:852:in `call'
rack (2.2.7) lib/rack/etag.rb:27:in `call'
rack (2.2.7) lib/rack/conditional_get.rb:27:in `call'
rack (2.2.7) lib/rack/head.rb:12:in `call'
activerecord (7.0.6) lib/active_record/migration.rb:603:in `call'
actionpack (7.0.6) lib/action_dispatch/middleware/callbacks.rb:27:in `block in call'
activesupport (7.0.6) lib/active_support/callbacks.rb:99:in `run_callbacks'
actionpack (7.0.6) lib/action_dispatch/middleware/callbacks.rb:26:in `call'
actionpack (7.0.6) lib/action_dispatch/middleware/executor.rb:14:in `call'
actionpack (7.0.6) lib/action_dispatch/middleware/actionable_exceptions.rb:17:in `call'
actionpack (7.0.6) lib/action_dispatch/middleware/debug_exceptions.rb:28:in `call'
actionpack (7.0.6) lib/action_dispatch/middleware/show_exceptions.rb:29:in `call'
railties (7.0.6) lib/rails/rack/logger.rb:40:in `call_app'
railties (7.0.6) lib/rails/rack/logger.rb:25:in `block in call'
activesupport (7.0.6) lib/active_support/tagged_logging.rb:99:in `block in tagged'
activesupport (7.0.6) lib/active_support/tagged_logging.rb:37:in `tagged'
activesupport (7.0.6) lib/active_support/tagged_logging.rb:99:in `tagged'
railties (7.0.6) lib/rails/rack/logger.rb:25:in `call'
actionpack (7.0.6) lib/action_dispatch/middleware/remote_ip.rb:93:in `call'
actionpack (7.0.6) lib/action_dispatch/middleware/request_id.rb:26:in `call'
rack (2.2.7) lib/rack/runtime.rb:22:in `call'
activesupport (7.0.6) lib/active_support/cache/strategy/local_cache_middleware.rb:29:in `call'
actionpack (7.0.6) lib/action_dispatch/middleware/server_timing.rb:61:in `block in call'
actionpack (7.0.6) lib/action_dispatch/middleware/server_timing.rb:26:in `collect_events'
actionpack (7.0.6) lib/action_dispatch/middleware/server_timing.rb:60:in `call'
actionpack (7.0.6) lib/action_dispatch/middleware/executor.rb:14:in `call'
actionpack (7.0.6) lib/action_dispatch/middleware/static.rb:23:in `call'
rack (2.2.7) lib/rack/sendfile.rb:110:in `call'
actionpack (7.0.6) lib/action_dispatch/middleware/host_authorization.rb:137:in `call'
railties (7.0.6) lib/rails/engine.rb:530:in `call'
puma (5.6.6) lib/puma/configuration.rb:252:in `call'
puma (5.6.6) lib/puma/request.rb:77:in `block in handle_request'
puma (5.6.6) lib/puma/thread_pool.rb:340:in `with_force_shutdown'
puma (5.6.6) lib/puma/request.rb:76:in `handle_request'
puma (5.6.6) lib/puma/server.rb:443:in `process_client'
puma (5.6.6) lib/puma/thread_pool.rb:147:in `block in spawn_thread'
Started GET "/bookings" for 127.0.0.1 at 2023-07-05 09:04:09 +0300
Processing by BookingsController#index as HTML
  [1m[36mBooking Load (0.4ms)[0m  [1m[34mSELECT "bookings".* FROM "bookings"[0m
  ↳ app/controllers/bookings_controller.rb:4:in `index'
Completed 200 OK in 31ms (Views: 19.9ms | ActiveRecord: 2.0ms | Allocations: 17634)


  [1m[36mActiveRecord::SchemaMigration Pluck (0.2ms)[0m  [1m[34mSELECT "schema_migrations"."version" FROM "schema_migrations" ORDER BY "schema_migrations"."version" ASC[0m
  [1m[36mTRANSACTION (0.1ms)[0m  [1m[36mbegin transaction[0m
  [1m[36mCab Create (0.6ms)[0m  [1m[32mINSERT INTO "cabs" ("name", "license_plate", "capacity", "created_at", "updated_at") VALUES (?, ?, ?, ?, ?)[0m  [["name", "Yellow Cab"], ["license_plate", "XYZ123"], ["capacity", 4], ["created_at", "2023-07-05 06:05:15.435932"], ["updated_at", "2023-07-05 06:05:15.435932"]]
  [1m[36mTRANSACTION (13.4ms)[0m  [1m[36mcommit transaction[0m
  [1m[36mTRANSACTION (0.1ms)[0m  [1m[36mbegin transaction[0m
  [1m[36mBooking Create (0.6ms)[0m  [1m[32mINSERT INTO "bookings" ("customer_name", "pickup_location", "dropoff_location", "cab_id", "created_at", "updated_at") VALUES (?, ?, ?, ?, ?, ?)[0m  [["customer_name", "John Doe"], ["pickup_location", "123 Main St"], ["dropoff_location", "456 Elm St"], ["cab_id", 2], ["created_at", "2023-07-05 06:05:15.470600"], ["updated_at", "2023-07-05 06:05:15.470600"]]
  [1m[36mTRANSACTION (12.6ms)[0m  [1m[36mcommit transaction[0m
  [1m[36mTRANSACTION (0.1ms)[0m  [1m[36mbegin transaction[0m
  [1m[36mBooking Create (0.4ms)[0m  [1m[32mINSERT INTO "bookings" ("customer_name", "pickup_location", "dropoff_location", "cab_id", "created_at", "updated_at") VALUES (?, ?, ?, ?, ?, ?)[0m  [["customer_name", "John Doe"], ["pickup_location", "123 Main St"], ["dropoff_location", "456 Elm St"], ["cab_id", 2], ["created_at", "2023-07-05 06:05:15.487343"], ["updated_at", "2023-07-05 06:05:15.487343"]]
  [1m[36mTRANSACTION (9.5ms)[0m  [1m[36mcommit transaction[0m
Started GET "/bookings" for 127.0.0.1 at 2023-07-05 09:05:21 +0300
Processing by BookingsController#index as HTML
  [1m[36mBooking Load (0.1ms)[0m  [1m[34mSELECT "bookings".* FROM "bookings"[0m
  ↳ app/controllers/bookings_controller.rb:4:in `index'
Completed 200 OK in 2ms (Views: 1.8ms | ActiveRecord: 0.1ms | Allocations: 988)


Started GET "/cabs" for 127.0.0.1 at 2023-07-05 09:05:50 +0300
Processing by CabsController#index as HTML
  [1m[36mCab Load (0.3ms)[0m  [1m[34mSELECT "cabs".* FROM "cabs"[0m
  ↳ app/controllers/cabs_controller.rb:4:in `index'
Completed 200 OK in 10ms (Views: 6.0ms | ActiveRecord: 1.2ms | Allocations: 3766)


  [1m[36mActiveRecord::SchemaMigration Pluck (0.2ms)[0m  [1m[34mSELECT "schema_migrations"."version" FROM "schema_migrations" ORDER BY "schema_migrations"."version" ASC[0m
  [1m[36mActiveRecord::SchemaMigration Pluck (0.2ms)[0m  [1m[34mSELECT "schema_migrations"."version" FROM "schema_migrations" ORDER BY "schema_migrations"."version" ASC[0m
  [1m[36mTRANSACTION (0.1ms)[0m  [1m[36mbegin transaction[0m
  [1m[36mCab Create (0.3ms)[0m  [1m[32mINSERT INTO "cabs" ("name", "license_plate", "capacity", "created_at", "updated_at") VALUES (?, ?, ?, ?, ?)[0m  [["name", "Yellow Cab"], ["license_plate", "XYZ123"], ["capacity", 4], ["created_at", "2023-07-05 06:07:57.082171"], ["updated_at", "2023-07-05 06:07:57.082171"]]
  [1m[36mTRANSACTION (4.5ms)[0m  [1m[36mcommit transaction[0m
  [1m[36mActiveRecord::SchemaMigration Pluck (0.2ms)[0m  [1m[34mSELECT "schema_migrations"."version" FROM "schema_migrations" ORDER BY "schema_migrations"."version" ASC[0m
  [1m[36mTRANSACTION (0.1ms)[0m  [1m[36mbegin transaction[0m
  [1m[36mCab Create (0.3ms)[0m  [1m[32mINSERT INTO "cabs" ("name", "license_plate", "capacity", "created_at", "updated_at") VALUES (?, ?, ?, ?, ?)[0m  [["name", "Yellow Cab"], ["license_plate", "XYZ123"], ["capacity", 4], ["created_at", "2023-07-05 06:08:31.306252"], ["updated_at", "2023-07-05 06:08:31.306252"]]
  [1m[36mTRANSACTION (10.9ms)[0m  [1m[36mcommit transaction[0m
  [1m[36mTRANSACTION (0.1ms)[0m  [1m[36mbegin transaction[0m
  [1m[36mBooking Create (0.3ms)[0m  [1m[32mINSERT INTO "bookings" ("customer_name", "pickup_location", "dropoff_location", "cab_id", "created_at", "updated_at") VALUES (?, ?, ?, ?, ?, ?)[0m  [["customer_name", "John Doe"], ["pickup_location", "123 Main St"], ["dropoff_location", "456 Elm St"], ["cab_id", 4], ["created_at", "2023-07-05 06:08:31.337339"], ["updated_at", "2023-07-05 06:08:31.337339"]]
  [1m[36mTRANSACTION (10.2ms)[0m  [1m[36mcommit transaction[0m
  [1m[36mTRANSACTION (0.1ms)[0m  [1m[36mbegin transaction[0m
  [1m[36mBooking Create (0.3ms)[0m  [1m[32mINSERT INTO "bookings" ("customer_name", "pickup_location", "dropoff_location", "cab_id", "created_at", "updated_at") VALUES (?, ?, ?, ?, ?, ?)[0m  [["customer_name", "John Doe"], ["pickup_location", "123 Main St"], ["dropoff_location", "456 Elm St"], ["cab_id", 4], ["created_at", "2023-07-05 06:08:31.351125"], ["updated_at", "2023-07-05 06:08:31.351125"]]
  [1m[36mTRANSACTION (10.5ms)[0m  [1m[36mcommit transaction[0m
Started GET "/cabs" for 127.0.0.1 at 2023-07-05 09:23:42 +0300
Processing by CabsController#index as HTML
  [1m[36mCab Load (0.3ms)[0m  [1m[34mSELECT "cabs".* FROM "cabs"[0m
  ↳ app/controllers/cabs_controller.rb:4:in `index'
Completed 200 OK in 12ms (Views: 8.6ms | ActiveRecord: 0.9ms | Allocations: 3877)


Started GET "/cabs" for 127.0.0.1 at 2023-07-05 09:23:44 +0300
Processing by CabsController#index as HTML
  [1m[36mCab Load (0.1ms)[0m  [1m[34mSELECT "cabs".* FROM "cabs"[0m
  ↳ app/controllers/cabs_controller.rb:4:in `index'
Completed 200 OK in 3ms (Views: 2.6ms | ActiveRecord: 0.1ms | Allocations: 1055)


Started GET "/bookings" for 127.0.0.1 at 2023-07-05 09:23:58 +0300
Processing by BookingsController#index as HTML
  [1m[36mBooking Load (0.2ms)[0m  [1m[34mSELECT "bookings".* FROM "bookings"[0m
  ↳ app/controllers/bookings_controller.rb:4:in `index'
Completed 200 OK in 15ms (Views: 6.1ms | ActiveRecord: 0.2ms | Allocations: 4076)


Started GET "/bookings" for 127.0.0.1 at 2023-07-05 09:31:20 +0300
Processing by BookingsController#index as HTML
  [1m[36mBooking Load (0.3ms)[0m  [1m[34mSELECT "bookings".* FROM "bookings"[0m
  ↳ app/controllers/bookings_controller.rb:14:in `index'
Completed 200 OK in 18ms (Views: 13.1ms | ActiveRecord: 0.9ms | Allocations: 4506)


Started GET "/bookings" for 127.0.0.1 at 2023-07-05 09:31:22 +0300
Processing by BookingsController#index as HTML
  [1m[36mBooking Load (0.1ms)[0m  [1m[34mSELECT "bookings".* FROM "bookings"[0m
  ↳ app/controllers/bookings_controller.rb:14:in `index'
Completed 200 OK in 5ms (Views: 4.5ms | ActiveRecord: 0.1ms | Allocations: 1221)


Started GET "/" for 127.0.0.1 at 2023-07-05 09:31:42 +0300
Processing by Rails::WelcomeController#index as HTML
  Rendering /home/user/.rvm/gems/ruby-2.7.2/gems/railties-7.0.6/lib/rails/templates/rails/welcome/index.html.erb
  Rendered /home/user/.rvm/gems/ruby-2.7.2/gems/railties-7.0.6/lib/rails/templates/rails/welcome/index.html.erb (Duration: 0.3ms | Allocations: 15)
Completed 200 OK in 2ms (Views: 1.1ms | ActiveRecord: 0.0ms | Allocations: 194)


Started GET "/cabs" for 127.0.0.1 at 2023-07-05 09:32:44 +0300
Processing by CabsController#index as */*
  [1m[36mCab Load (0.2ms)[0m  [1m[34mSELECT "cabs".* FROM "cabs"[0m
  ↳ app/controllers/cabs_controller.rb:4:in `index'
Completed 200 OK in 9ms (Views: 4.8ms | ActiveRecord: 0.2ms | Allocations: 3647)


Started GET "/bookings" for 127.0.0.1 at 2023-07-05 09:32:57 +0300
Processing by BookingsController#index as */*
  [1m[36mBooking Load (0.2ms)[0m  [1m[34mSELECT "bookings".* FROM "bookings"[0m
  ↳ app/controllers/bookings_controller.rb:14:in `index'
Completed 200 OK in 6ms (Views: 5.1ms | ActiveRecord: 0.2ms | Allocations: 1225)


Started POST "/bookings" for 127.0.0.1 at 2023-07-05 09:35:10 +0300
Error occurred while parsing request parameters.
Contents:

        "customer_name": "John Doe"
        "pickup_location": "123 Main St"
        "dropoff_location": "456 Elm St"
        "cab_id": 2
Processing by BookingsController#create as */*
Completed 400 Bad Request in 1ms (ActiveRecord: 0.0ms | Allocations: 117)


  
ActionDispatch::Http::Parameters::ParseError (Error occurred while parsing request parameters):
  
app/controllers/bookings_controller.rb:20:in `booking_params'
app/controllers/bookings_controller.rb:3:in `create'
Started GET "/cabs" for 127.0.0.1 at 2023-07-05 10:24:22 +0300
Processing by CabsController#index as HTML
  [1m[36mCab Load (0.3ms)[0m  [1m[34mSELECT "cabs".* FROM "cabs"[0m
  ↳ app/controllers/cabs_controller.rb:4:in `index'
Completed 200 OK in 12ms (Views: 11.7ms | ActiveRecord: 1.8ms | Allocations: 1200)


Started GET "/bookings" for 127.0.0.1 at 2023-07-05 10:26:36 +0300
Processing by BookingsController#index as HTML
  [1m[36mBooking Load (0.5ms)[0m  [1m[34mSELECT "bookings".* FROM "bookings"[0m
  ↳ app/controllers/bookings_controller.rb:14:in `index'
Completed 200 OK in 4ms (Views: 3.6ms | ActiveRecord: 0.5ms | Allocations: 1254)


Started GET "/bookings" for 127.0.0.1 at 2023-07-05 18:14:37 +0300
Processing by BookingsController#index as HTML
  [1m[36mBooking Load (0.7ms)[0m  [1m[34mSELECT "bookings".* FROM "bookings"[0m
  ↳ app/controllers/bookings_controller.rb:17:in `index'
Completed 200 OK in 30ms (Views: 18.6ms | ActiveRecord: 2.0ms | Allocations: 4455)


  [1m[36mActiveRecord::SchemaMigration Pluck (0.2ms)[0m  [1m[34mSELECT "schema_migrations"."version" FROM "schema_migrations" ORDER BY "schema_migrations"."version" ASC[0m
  [1m[36mTRANSACTION (0.1ms)[0m  [1m[36mbegin transaction[0m
  [1m[36mCab Create (0.7ms)[0m  [1m[32mINSERT INTO "cabs" ("name", "license_plate", "capacity", "created_at", "updated_at") VALUES (?, ?, ?, ?, ?)[0m  [["name", "Cab 1"], ["license_plate", "ABC123"], ["capacity", 5], ["created_at", "2023-07-05 15:20:40.912716"], ["updated_at", "2023-07-05 15:20:40.912716"]]
  [1m[36mTRANSACTION (11.0ms)[0m  [1m[36mcommit transaction[0m
  [1m[36mTRANSACTION (0.1ms)[0m  [1m[36mbegin transaction[0m
  [1m[36mCab Create (0.3ms)[0m  [1m[32mINSERT INTO "cabs" ("name", "license_plate", "capacity", "created_at", "updated_at") VALUES (?, ?, ?, ?, ?)[0m  [["name", "Cab 2"], ["license_plate", "ABC124"], ["capacity", 5], ["created_at", "2023-07-05 15:20:40.928434"], ["updated_at", "2023-07-05 15:20:40.928434"]]
  [1m[36mTRANSACTION (3.9ms)[0m  [1m[36mcommit transaction[0m
  [1m[36mTRANSACTION (0.1ms)[0m  [1m[36mbegin transaction[0m
  [1m[36mCab Create (0.4ms)[0m  [1m[32mINSERT INTO "cabs" ("name", "license_plate", "capacity", "created_at", "updated_at") VALUES (?, ?, ?, ?, ?)[0m  [["name", "Cab 3"], ["license_plate", "ABC125"], ["capacity", 5], ["created_at", "2023-07-05 15:20:40.936371"], ["updated_at", "2023-07-05 15:20:40.936371"]]
  [1m[36mTRANSACTION (10.3ms)[0m  [1m[36mcommit transaction[0m
  [1m[36mTRANSACTION (0.1ms)[0m  [1m[36mbegin transaction[0m
  [1m[36mCab Create (0.3ms)[0m  [1m[32mINSERT INTO "cabs" ("name", "license_plate", "capacity", "created_at", "updated_at") VALUES (?, ?, ?, ?, ?)[0m  [["name", "Cab 4"], ["license_plate", "ABC126"], ["capacity", 4], ["created_at", "2023-07-05 15:20:40.951518"], ["updated_at", "2023-07-05 15:20:40.951518"]]
  [1m[36mTRANSACTION (10.6ms)[0m  [1m[36mcommit transaction[0m
  [1m[36mTRANSACTION (0.1ms)[0m  [1m[36mbegin transaction[0m
  [1m[36mCab Create (0.5ms)[0m  [1m[32mINSERT INTO "cabs" ("name", "license_plate", "capacity", "created_at", "updated_at") VALUES (?, ?, ?, ?, ?)[0m  [["name", "Cab 5"], ["license_plate", "ABC127"], ["capacity", 5], ["created_at", "2023-07-05 15:20:40.966889"], ["updated_at", "2023-07-05 15:20:40.966889"]]
  [1m[36mTRANSACTION (10.4ms)[0m  [1m[36mcommit transaction[0m
  [1m[36mTRANSACTION (0.1ms)[0m  [1m[36mbegin transaction[0m
  [1m[36mCab Create (0.2ms)[0m  [1m[32mINSERT INTO "cabs" ("name", "license_plate", "capacity", "created_at", "updated_at") VALUES (?, ?, ?, ?, ?)[0m  [["name", "Cab 6"], ["license_plate", "ABC128"], ["capacity", 4], ["created_at", "2023-07-05 15:20:40.983284"], ["updated_at", "2023-07-05 15:20:40.983284"]]
  [1m[36mTRANSACTION (10.3ms)[0m  [1m[36mcommit transaction[0m
  [1m[36mTRANSACTION (0.1ms)[0m  [1m[36mbegin transaction[0m
  [1m[36mCab Create (0.3ms)[0m  [1m[32mINSERT INTO "cabs" ("name", "license_plate", "capacity", "created_at", "updated_at") VALUES (?, ?, ?, ?, ?)[0m  [["name", "Cab 7"], ["license_plate", "ABC129"], ["capacity", 6], ["created_at", "2023-07-05 15:20:40.997047"], ["updated_at", "2023-07-05 15:20:40.997047"]]
  [1m[36mTRANSACTION (6.9ms)[0m  [1m[36mcommit transaction[0m
  [1m[36mTRANSACTION (0.1ms)[0m  [1m[36mbegin transaction[0m
  [1m[36mCab Create (0.2ms)[0m  [1m[32mINSERT INTO "cabs" ("name", "license_plate", "capacity", "created_at", "updated_at") VALUES (?, ?, ?, ?, ?)[0m  [["name", "Cab 8"], ["license_plate", "ABC130"], ["capacity", 6], ["created_at", "2023-07-05 15:20:41.007632"], ["updated_at", "2023-07-05 15:20:41.007632"]]
  [1m[36mTRANSACTION (3.9ms)[0m  [1m[36mcommit transaction[0m
  [1m[36mTRANSACTION (0.1ms)[0m  [1m[36mbegin transaction[0m
  [1m[36mCab Create (0.3ms)[0m  [1m[32mINSERT INTO "cabs" ("name", "license_plate", "capacity", "created_at", "updated_at") VALUES (?, ?, ?, ?, ?)[0m  [["name", "Cab 9"], ["license_plate", "ABC131"], ["capacity", 5], ["created_at", "2023-07-05 15:20:41.014969"], ["updated_at", "2023-07-05 15:20:41.014969"]]
  [1m[36mTRANSACTION (3.6ms)[0m  [1m[36mcommit transaction[0m
  [1m[36mTRANSACTION (0.1ms)[0m  [1m[36mbegin transaction[0m
  [1m[36mCab Create (0.2ms)[0m  [1m[32mINSERT INTO "cabs" ("name", "license_plate", "capacity", "created_at", "updated_at") VALUES (?, ?, ?, ?, ?)[0m  [["name", "Cab 10"], ["license_plate", "ABC132"], ["capacity", 6], ["created_at", "2023-07-05 15:20:41.022696"], ["updated_at", "2023-07-05 15:20:41.022696"]]
  [1m[36mTRANSACTION (4.5ms)[0m  [1m[36mcommit transaction[0m
  [1m[36mTRANSACTION (0.1ms)[0m  [1m[36mbegin transaction[0m
  [1m[36mCab Create (0.3ms)[0m  [1m[32mINSERT INTO "cabs" ("name", "license_plate", "capacity", "created_at", "updated_at") VALUES (?, ?, ?, ?, ?)[0m  [["name", "Cab 11"], ["license_plate", "ABC133"], ["capacity", 6], ["created_at", "2023-07-05 15:20:41.030750"], ["updated_at", "2023-07-05 15:20:41.030750"]]
  [1m[36mTRANSACTION (5.8ms)[0m  [1m[36mcommit transaction[0m
  [1m[36mTRANSACTION (0.1ms)[0m  [1m[36mbegin transaction[0m
  [1m[36mCab Create (0.3ms)[0m  [1m[32mINSERT INTO "cabs" ("name", "license_plate", "capacity", "created_at", "updated_at") VALUES (?, ?, ?, ?, ?)[0m  [["name", "Cab 12"], ["license_plate", "ABC134"], ["capacity", 5], ["created_at", "2023-07-05 15:20:41.040792"], ["updated_at", "2023-07-05 15:20:41.040792"]]
  [1m[36mTRANSACTION (10.3ms)[0m  [1m[36mcommit transaction[0m
  [1m[36mTRANSACTION (0.1ms)[0m  [1m[36mbegin transaction[0m
  [1m[36mCab Create (0.3ms)[0m  [1m[32mINSERT INTO "cabs" ("name", "license_plate", "capacity", "created_at", "updated_at") VALUES (?, ?, ?, ?, ?)[0m  [["name", "Cab 13"], ["license_plate", "ABC135"], ["capacity", 5], ["created_at", "2023-07-05 15:20:41.054944"], ["updated_at", "2023-07-05 15:20:41.054944"]]
  [1m[36mTRANSACTION (10.3ms)[0m  [1m[36mcommit transaction[0m
  [1m[36mTRANSACTION (0.1ms)[0m  [1m[36mbegin transaction[0m
  [1m[36mCab Create (0.3ms)[0m  [1m[32mINSERT INTO "cabs" ("name", "license_plate", "capacity", "created_at", "updated_at") VALUES (?, ?, ?, ?, ?)[0m  [["name", "Cab 14"], ["license_plate", "ABC136"], ["capacity", 5], ["created_at", "2023-07-05 15:20:41.069142"], ["updated_at", "2023-07-05 15:20:41.069142"]]
  [1m[36mTRANSACTION (10.2ms)[0m  [1m[36mcommit transaction[0m
  [1m[36mTRANSACTION (0.1ms)[0m  [1m[36mbegin transaction[0m
  [1m[36mCab Create (0.3ms)[0m  [1m[32mINSERT INTO "cabs" ("name", "license_plate", "capacity", "created_at", "updated_at") VALUES (?, ?, ?, ?, ?)[0m  [["name", "Cab 15"], ["license_plate", "ABC137"], ["capacity", 4], ["created_at", "2023-07-05 15:20:41.083295"], ["updated_at", "2023-07-05 15:20:41.083295"]]
  [1m[36mTRANSACTION (10.2ms)[0m  [1m[36mcommit transaction[0m
Started GET "/bookings" for 127.0.0.1 at 2023-07-05 18:20:50 +0300
Processing by BookingsController#index as HTML
  [1m[36mBooking Load (0.2ms)[0m  [1m[34mSELECT "bookings".* FROM "bookings"[0m
  ↳ app/controllers/bookings_controller.rb:17:in `index'
Completed 200 OK in 7ms (Views: 6.8ms | ActiveRecord: 0.9ms | Allocations: 1372)


Started GET "/bookings" for 127.0.0.1 at 2023-07-05 18:20:52 +0300
Processing by BookingsController#index as HTML
  [1m[36mBooking Load (0.4ms)[0m  [1m[34mSELECT "bookings".* FROM "bookings"[0m
  ↳ app/controllers/bookings_controller.rb:17:in `index'
Completed 200 OK in 7ms (Views: 6.5ms | ActiveRecord: 0.4ms | Allocations: 1222)


Started GET "/bookings" for 127.0.0.1 at 2023-07-05 18:20:52 +0300
Processing by BookingsController#index as HTML
  [1m[36mBooking Load (0.2ms)[0m  [1m[34mSELECT "bookings".* FROM "bookings"[0m
  ↳ app/controllers/bookings_controller.rb:17:in `index'
Completed 200 OK in 4ms (Views: 3.4ms | ActiveRecord: 0.2ms | Allocations: 1222)


Started GET "/bookings" for 127.0.0.1 at 2023-07-05 18:20:53 +0300
Processing by BookingsController#index as HTML
  [1m[36mBooking Load (0.2ms)[0m  [1m[34mSELECT "bookings".* FROM "bookings"[0m
  ↳ app/controllers/bookings_controller.rb:17:in `index'
Completed 200 OK in 6ms (Views: 5.8ms | ActiveRecord: 0.2ms | Allocations: 1222)


Started GET "/bookings" for 127.0.0.1 at 2023-07-05 18:20:53 +0300
Processing by BookingsController#index as HTML
  [1m[36mBooking Load (0.2ms)[0m  [1m[34mSELECT "bookings".* FROM "bookings"[0m
  ↳ app/controllers/bookings_controller.rb:17:in `index'
Completed 200 OK in 8ms (Views: 7.0ms | ActiveRecord: 0.2ms | Allocations: 1222)


Started GET "/cabs" for 127.0.0.1 at 2023-07-05 18:21:02 +0300
Processing by CabsController#index as HTML
  [1m[36mCab Load (0.6ms)[0m  [1m[34mSELECT "cabs".* FROM "cabs"[0m
  ↳ app/controllers/cabs_controller.rb:4:in `index'
Completed 200 OK in 18ms (Views: 12.6ms | ActiveRecord: 0.6ms | Allocations: 5304)


Started GET "/" for 127.0.0.1 at 2023-07-05 18:25:49 +0300
  [1m[36mActiveRecord::SchemaMigration Pluck (0.1ms)[0m  [1m[34mSELECT "schema_migrations"."version" FROM "schema_migrations" ORDER BY "schema_migrations"."version" ASC[0m
Processing by Rails::WelcomeController#index as HTML
  Rendering /home/user/.rvm/gems/ruby-2.7.2/gems/railties-7.0.6/lib/rails/templates/rails/welcome/index.html.erb
  Rendered /home/user/.rvm/gems/ruby-2.7.2/gems/railties-7.0.6/lib/rails/templates/rails/welcome/index.html.erb (Duration: 3.5ms | Allocations: 660)
Completed 200 OK in 45ms (Views: 17.9ms | ActiveRecord: 0.0ms | Allocations: 6466)


Started GET "/cabs" for 127.0.0.1 at 2023-07-05 18:25:57 +0300
Processing by CabsController#index as HTML
  [1m[36mCab Load (0.4ms)[0m  [1m[34mSELECT "cabs".* FROM "cabs"[0m
  ↳ app/controllers/cabs_controller.rb:4:in `index'
Completed 200 OK in 59ms (Views: 46.0ms | ActiveRecord: 1.5ms | Allocations: 20571)


Started GET "/favicon.ico" for 127.0.0.1 at 2023-07-05 18:25:57 +0300
  
ActionController::RoutingError (No route matches [GET] "/favicon.ico"):
  
  [1m[36mActiveRecord::SchemaMigration Pluck (0.2ms)[0m  [1m[34mSELECT "schema_migrations"."version" FROM "schema_migrations" ORDER BY "schema_migrations"."version" ASC[0m
  [1m[36mTRANSACTION (0.1ms)[0m  [1m[36mbegin transaction[0m
  [1m[36mCab Create (0.4ms)[0m  [1m[32mINSERT INTO "cabs" ("name", "license_plate", "capacity", "created_at", "updated_at") VALUES (?, ?, ?, ?, ?)[0m  [["name", "Cab 1"], ["license_plate", "ABC123"], ["capacity", 5], ["created_at", "2023-07-05 15:31:16.969062"], ["updated_at", "2023-07-05 15:31:16.969062"]]
  [1m[36mTRANSACTION (12.6ms)[0m  [1m[36mcommit transaction[0m
  [1m[36mTRANSACTION (0.1ms)[0m  [1m[36mbegin transaction[0m
  [1m[36mCab Create (0.3ms)[0m  [1m[32mINSERT INTO "cabs" ("name", "license_plate", "capacity", "created_at", "updated_at") VALUES (?, ?, ?, ?, ?)[0m  [["name", "Cab 2"], ["license_plate", "ABC124"], ["capacity", 6], ["created_at", "2023-07-05 15:31:16.987108"], ["updated_at", "2023-07-05 15:31:16.987108"]]
  [1m[36mTRANSACTION (10.3ms)[0m  [1m[36mcommit transaction[0m
  [1m[36mTRANSACTION (0.1ms)[0m  [1m[36mbegin transaction[0m
  [1m[36mCab Create (0.2ms)[0m  [1m[32mINSERT INTO "cabs" ("name", "license_plate", "capacity", "created_at", "updated_at") VALUES (?, ?, ?, ?, ?)[0m  [["name", "Cab 3"], ["license_plate", "ABC125"], ["capacity", 5], ["created_at", "2023-07-05 15:31:17.001542"], ["updated_at", "2023-07-05 15:31:17.001542"]]
  [1m[36mTRANSACTION (10.4ms)[0m  [1m[36mcommit transaction[0m
  [1m[36mTRANSACTION (0.1ms)[0m  [1m[36mbegin transaction[0m
  [1m[36mCab Create (0.3ms)[0m  [1m[32mINSERT INTO "cabs" ("name", "license_plate", "capacity", "created_at", "updated_at") VALUES (?, ?, ?, ?, ?)[0m  [["name", "Cab 4"], ["license_plate", "ABC126"], ["capacity", 6], ["created_at", "2023-07-05 15:31:17.015134"], ["updated_at", "2023-07-05 15:31:17.015134"]]
  [1m[36mTRANSACTION (5.1ms)[0m  [1m[36mcommit transaction[0m
  [1m[36mTRANSACTION (0.1ms)[0m  [1m[36mbegin transaction[0m
  [1m[36mCab Create (0.2ms)[0m  [1m[32mINSERT INTO "cabs" ("name", "license_plate", "capacity", "created_at", "updated_at") VALUES (?, ?, ?, ?, ?)[0m  [["name", "Cab 5"], ["license_plate", "ABC127"], ["capacity", 4], ["created_at", "2023-07-05 15:31:17.023845"], ["updated_at", "2023-07-05 15:31:17.023845"]]
  [1m[36mTRANSACTION (3.5ms)[0m  [1m[36mcommit transaction[0m
  [1m[36mTRANSACTION (0.1ms)[0m  [1m[36mbegin transaction[0m
  [1m[36mCab Create (0.2ms)[0m  [1m[32mINSERT INTO "cabs" ("name", "license_plate", "capacity", "created_at", "updated_at") VALUES (?, ?, ?, ?, ?)[0m  [["name", "Cab 6"], ["license_plate", "ABC128"], ["capacity", 6], ["created_at", "2023-07-05 15:31:17.030412"], ["updated_at", "2023-07-05 15:31:17.030412"]]
  [1m[36mTRANSACTION (3.9ms)[0m  [1m[36mcommit transaction[0m
  [1m[36mTRANSACTION (0.1ms)[0m  [1m[36mbegin transaction[0m
  [1m[36mCab Create (0.2ms)[0m  [1m[32mINSERT INTO "cabs" ("name", "license_plate", "capacity", "created_at", "updated_at") VALUES (?, ?, ?, ?, ?)[0m  [["name", "Cab 7"], ["license_plate", "ABC129"], ["capacity", 5], ["created_at", "2023-07-05 15:31:17.038543"], ["updated_at", "2023-07-05 15:31:17.038543"]]
  [1m[36mTRANSACTION (3.4ms)[0m  [1m[36mcommit transaction[0m
  [1m[36mTRANSACTION (0.1ms)[0m  [1m[36mbegin transaction[0m
  [1m[36mCab Create (0.2ms)[0m  [1m[32mINSERT INTO "cabs" ("name", "license_plate", "capacity", "created_at", "updated_at") VALUES (?, ?, ?, ?, ?)[0m  [["name", "Cab 8"], ["license_plate", "ABC130"], ["capacity", 5], ["created_at", "2023-07-05 15:31:17.045202"], ["updated_at", "2023-07-05 15:31:17.045202"]]
  [1m[36mTRANSACTION (6.8ms)[0m  [1m[36mcommit transaction[0m
  [1m[36mTRANSACTION (0.0ms)[0m  [1m[36mbegin transaction[0m
  [1m[36mCab Create (0.3ms)[0m  [1m[32mINSERT INTO "cabs" ("name", "license_plate", "capacity", "created_at", "updated_at") VALUES (?, ?, ?, ?, ?)[0m  [["name", "Cab 9"], ["license_plate", "ABC131"], ["capacity", 4], ["created_at", "2023-07-05 15:31:17.055109"], ["updated_at", "2023-07-05 15:31:17.055109"]]
  [1m[36mTRANSACTION (12.6ms)[0m  [1m[36mcommit transaction[0m
  [1m[36mTRANSACTION (0.1ms)[0m  [1m[36mbegin transaction[0m
  [1m[36mCab Create (0.2ms)[0m  [1m[32mINSERT INTO "cabs" ("name", "license_plate", "capacity", "created_at", "updated_at") VALUES (?, ?, ?, ?, ?)[0m  [["name", "Cab 10"], ["license_plate", "ABC132"], ["capacity", 6], ["created_at", "2023-07-05 15:31:17.071965"], ["updated_at", "2023-07-05 15:31:17.071965"]]
  [1m[36mTRANSACTION (10.6ms)[0m  [1m[36mcommit transaction[0m
  [1m[36mTRANSACTION (0.1ms)[0m  [1m[36mbegin transaction[0m
  [1m[36mCab Create (0.3ms)[0m  [1m[32mINSERT INTO "cabs" ("name", "license_plate", "capacity", "created_at", "updated_at") VALUES (?, ?, ?, ?, ?)[0m  [["name", "Cab 11"], ["license_plate", "ABC133"], ["capacity", 5], ["created_at", "2023-07-05 15:31:17.085957"], ["updated_at", "2023-07-05 15:31:17.085957"]]
  [1m[36mTRANSACTION (10.4ms)[0m  [1m[36mcommit transaction[0m
  [1m[36mTRANSACTION (0.1ms)[0m  [1m[36mbegin transaction[0m
  [1m[36mCab Create (0.3ms)[0m  [1m[32mINSERT INTO "cabs" ("name", "license_plate", "capacity", "created_at", "updated_at") VALUES (?, ?, ?, ?, ?)[0m  [["name", "Cab 12"], ["license_plate", "ABC134"], ["capacity", 6], ["created_at", "2023-07-05 15:31:17.100913"], ["updated_at", "2023-07-05 15:31:17.100913"]]
  [1m[36mTRANSACTION (10.3ms)[0m  [1m[36mcommit transaction[0m
  [1m[36mTRANSACTION (0.1ms)[0m  [1m[36mbegin transaction[0m
  [1m[36mCab Create (0.3ms)[0m  [1m[32mINSERT INTO "cabs" ("name", "license_plate", "capacity", "created_at", "updated_at") VALUES (?, ?, ?, ?, ?)[0m  [["name", "Cab 13"], ["license_plate", "ABC135"], ["capacity", 4], ["created_at", "2023-07-05 15:31:17.115091"], ["updated_at", "2023-07-05 15:31:17.115091"]]
  [1m[36mTRANSACTION (5.3ms)[0m  [1m[36mcommit transaction[0m
  [1m[36mTRANSACTION (0.1ms)[0m  [1m[36mbegin transaction[0m
  [1m[36mCab Create (0.2ms)[0m  [1m[32mINSERT INTO "cabs" ("name", "license_plate", "capacity", "created_at", "updated_at") VALUES (?, ?, ?, ?, ?)[0m  [["name", "Cab 14"], ["license_plate", "ABC136"], ["capacity", 5], ["created_at", "2023-07-05 15:31:17.123941"], ["updated_at", "2023-07-05 15:31:17.123941"]]
  [1m[36mTRANSACTION (3.5ms)[0m  [1m[36mcommit transaction[0m
  [1m[36mTRANSACTION (0.1ms)[0m  [1m[36mbegin transaction[0m
  [1m[36mCab Create (0.2ms)[0m  [1m[32mINSERT INTO "cabs" ("name", "license_plate", "capacity", "created_at", "updated_at") VALUES (?, ?, ?, ?, ?)[0m  [["name", "Cab 15"], ["license_plate", "ABC137"], ["capacity", 6], ["created_at", "2023-07-05 15:31:17.130746"], ["updated_at", "2023-07-05 15:31:17.130746"]]
  [1m[36mTRANSACTION (3.5ms)[0m  [1m[36mcommit transaction[0m
  [1m[36mTRANSACTION (0.1ms)[0m  [1m[36mbegin transaction[0m
  [1m[36mCab Load (0.2ms)[0m  [1m[34mSELECT "cabs".* FROM "cabs" WHERE "cabs"."id" = ? LIMIT ?[0m  [["id", 1], ["LIMIT", 1]]
  [1m[36mBooking Exists? (0.3ms)[0m  [1m[34mSELECT 1 AS one FROM "bookings" WHERE "bookings"."cab_id" = ? LIMIT ?[0m  [["cab_id", 1], ["LIMIT", 1]]
  ↳ app/models/booking.rb:10:in `validate_cab_availability'
  [1m[36mBooking Exists? (0.1ms)[0m  [1m[34mSELECT 1 AS one FROM "bookings" WHERE "bookings"."customer_name" = ? LIMIT ?[0m  [["customer_name", "John Doe"], ["LIMIT", 1]]
  ↳ app/models/booking.rb:16:in `validate_customer_booking'
  [1m[36mTRANSACTION (0.0ms)[0m  [1m[31mrollback transaction[0m
  [1m[36mTRANSACTION (0.0ms)[0m  [1m[36mbegin transaction[0m
  [1m[36mCab Load (0.1ms)[0m  [1m[34mSELECT "cabs".* FROM "cabs" WHERE "cabs"."id" = ? LIMIT ?[0m  [["id", 2], ["LIMIT", 1]]
  [1m[36mBooking Exists? (0.1ms)[0m  [1m[34mSELECT 1 AS one FROM "bookings" WHERE "bookings"."cab_id" = ? LIMIT ?[0m  [["cab_id", 2], ["LIMIT", 1]]
  ↳ app/models/booking.rb:10:in `validate_cab_availability'
  [1m[36mBooking Exists? (0.1ms)[0m  [1m[34mSELECT 1 AS one FROM "bookings" WHERE "bookings"."customer_name" = ? LIMIT ?[0m  [["customer_name", "Jane Smith"], ["LIMIT", 1]]
  ↳ app/models/booking.rb:16:in `validate_customer_booking'
  [1m[36mTRANSACTION (0.1ms)[0m  [1m[31mrollback transaction[0m
  [1m[36mTRANSACTION (0.0ms)[0m  [1m[36mbegin transaction[0m
  [1m[36mCab Load (0.1ms)[0m  [1m[34mSELECT "cabs".* FROM "cabs" WHERE "cabs"."id" = ? LIMIT ?[0m  [["id", 3], ["LIMIT", 1]]
  [1m[36mBooking Exists? (0.1ms)[0m  [1m[34mSELECT 1 AS one FROM "bookings" WHERE "bookings"."cab_id" = ? LIMIT ?[0m  [["cab_id", 3], ["LIMIT", 1]]
  ↳ app/models/booking.rb:10:in `validate_cab_availability'
  [1m[36mBooking Exists? (0.1ms)[0m  [1m[34mSELECT 1 AS one FROM "bookings" WHERE "bookings"."customer_name" = ? LIMIT ?[0m  [["customer_name", "Michael Johnson"], ["LIMIT", 1]]
  ↳ app/models/booking.rb:16:in `validate_customer_booking'
  [1m[36mBooking Create (0.2ms)[0m  [1m[32mINSERT INTO "bookings" ("customer_name", "pickup_location", "dropoff_location", "cab_id", "created_at", "updated_at") VALUES (?, ?, ?, ?, ?, ?)[0m  [["customer_name", "Michael Johnson"], ["pickup_location", "Location E"], ["dropoff_location", "Location F"], ["cab_id", 3], ["created_at", "2023-07-05 15:31:17.179792"], ["updated_at", "2023-07-05 15:31:17.179792"]]
  [1m[36mTRANSACTION (4.1ms)[0m  [1m[36mcommit transaction[0m
Started GET "/bokkings" for 127.0.0.1 at 2023-07-05 18:31:30 +0300
  
ActionController::RoutingError (No route matches [GET] "/bokkings"):
  
Started GET "/bookings" for 127.0.0.1 at 2023-07-05 18:31:47 +0300
Processing by BookingsController#index as HTML
  [1m[36mBooking Load (0.3ms)[0m  [1m[34mSELECT "bookings".* FROM "bookings"[0m
  ↳ app/controllers/bookings_controller.rb:17:in `index'
Completed 200 OK in 31ms (Views: 21.0ms | ActiveRecord: 1.2ms | Allocations: 18135)


Started GET "/bookings" for 127.0.0.1 at 2023-07-05 18:32:50 +0300
Processing by BookingsController#index as HTML
  [1m[36mBooking Load (0.1ms)[0m  [1m[34mSELECT "bookings".* FROM "bookings"[0m
  ↳ app/controllers/bookings_controller.rb:17:in `index'
Completed 200 OK in 2ms (Views: 2.0ms | ActiveRecord: 0.1ms | Allocations: 1361)


Started GET "/bookings" for 127.0.0.1 at 2023-07-06 12:12:27 +0300
Processing by BookingsController#index as HTML
  [1m[36mBooking Load (0.5ms)[0m  [1m[34mSELECT "bookings".* FROM "bookings"[0m
  ↳ app/controllers/bookings_controller.rb:17:in `index'
Completed 200 OK in 16ms (Views: 15.4ms | ActiveRecord: 3.2ms | Allocations: 1509)


Started GET "/bookings" for 127.0.0.1 at 2023-07-06 12:21:18 +0300
Processing by BookingsController#index as HTML
  [1m[36mBooking Load (0.4ms)[0m  [1m[34mSELECT "bookings".* FROM "bookings"[0m
  ↳ app/controllers/bookings_controller.rb:16:in `index'
Completed 200 OK in 27ms (Views: 16.6ms | ActiveRecord: 1.9ms | Allocations: 4576)


Started GET "/bookings" for 127.0.0.1 at 2023-07-06 12:21:19 +0300
Processing by BookingsController#index as HTML
  [1m[36mBooking Load (0.3ms)[0m  [1m[34mSELECT "bookings".* FROM "bookings"[0m
  ↳ app/controllers/bookings_controller.rb:16:in `index'
Completed 200 OK in 6ms (Views: 5.6ms | ActiveRecord: 0.3ms | Allocations: 1345)


Started GET "/cabs" for 127.0.0.1 at 2023-07-06 12:21:27 +0300
Processing by CabsController#index as HTML
  [1m[36mCab Load (2.7ms)[0m  [1m[34mSELECT "cabs".* FROM "cabs"[0m
  ↳ app/controllers/cabs_controller.rb:4:in `index'
Completed 200 OK in 21ms (Views: 14.4ms | ActiveRecord: 2.7ms | Allocations: 7012)


Started GET "/bookings" for 127.0.0.1 at 2023-07-06 12:21:37 +0300
Processing by BookingsController#index as HTML
  [1m[36mBooking Load (0.2ms)[0m  [1m[34mSELECT "bookings".* FROM "bookings"[0m
  ↳ app/controllers/bookings_controller.rb:16:in `index'
Completed 200 OK in 6ms (Views: 5.6ms | ActiveRecord: 0.2ms | Allocations: 1346)


Started POST "/bookings" for 127.0.0.1 at 2023-07-06 12:22:17 +0300
Error occurred while parsing request parameters.
Contents:

        
        "pickup_location": "123 Main St"
        "dropoff_location": "456 Elm St"
        "cab_id": 2
Processing by BookingsController#create as */*
Completed 400 Bad Request in 1ms (Allocations: 144)


  
ActionDispatch::Http::Parameters::ParseError (Error occurred while parsing request parameters):
  
app/controllers/bookings_controller.rb:44:in `booking_params'
app/controllers/bookings_controller.rb:5:in `create'
Started GET "/bookings" for 127.0.0.1 at 2023-07-06 12:22:43 +0300
Processing by BookingsController#index as */*
  [1m[36mBooking Load (0.2ms)[0m  [1m[34mSELECT "bookings".* FROM "bookings"[0m
  ↳ app/controllers/bookings_controller.rb:16:in `index'
Completed 200 OK in 3ms (Views: 2.6ms | ActiveRecord: 0.2ms | Allocations: 1350)


Started GET "/bookings/1" for 127.0.0.1 at 2023-07-06 12:22:54 +0300
Processing by BookingsController#show as */*
  Parameters: {"id"=>"1"}
  [1m[36mBooking Load (0.2ms)[0m  [1m[34mSELECT "bookings".* FROM "bookings" WHERE "bookings"."id" = ? LIMIT ?[0m  [["id", 1], ["LIMIT", 1]]
  ↳ app/controllers/bookings_controller.rb:40:in `set_booking'
Completed 200 OK in 10ms (Views: 0.5ms | ActiveRecord: 0.2ms | Allocations: 2062)


Started GET "/bookings/2" for 127.0.0.1 at 2023-07-06 12:23:02 +0300
Processing by BookingsController#show as */*
  Parameters: {"id"=>"2"}
  [1m[36mBooking Load (0.2ms)[0m  [1m[34mSELECT "bookings".* FROM "bookings" WHERE "bookings"."id" = ? LIMIT ?[0m  [["id", 2], ["LIMIT", 1]]
  ↳ app/controllers/bookings_controller.rb:40:in `set_booking'
Completed 200 OK in 3ms (Views: 0.6ms | ActiveRecord: 0.2ms | Allocations: 618)


Started DELETE "/bookings/2" for 127.0.0.1 at 2023-07-06 12:23:08 +0300
Processing by BookingsController#destroy as */*
  Parameters: {"id"=>"2"}
  [1m[36mBooking Load (0.1ms)[0m  [1m[34mSELECT "bookings".* FROM "bookings" WHERE "bookings"."id" = ? LIMIT ?[0m  [["id", 2], ["LIMIT", 1]]
  ↳ app/controllers/bookings_controller.rb:40:in `set_booking'
  [1m[36mTRANSACTION (0.1ms)[0m  [1m[36mbegin transaction[0m
  ↳ app/controllers/bookings_controller.rb:30:in `destroy'
  [1m[36mBooking Destroy (4.6ms)[0m  [1m[31mDELETE FROM "bookings" WHERE "bookings"."id" = ?[0m  [["id", 2]]
  ↳ app/controllers/bookings_controller.rb:30:in `destroy'
  [1m[36mTRANSACTION (3.6ms)[0m  [1m[36mcommit transaction[0m
  ↳ app/controllers/bookings_controller.rb:30:in `destroy'
Completed 200 OK in 14ms (Views: 0.3ms | ActiveRecord: 8.5ms | Allocations: 1857)


Started DELETE "/bookings/1" for 127.0.0.1 at 2023-07-06 12:23:15 +0300
Processing by BookingsController#destroy as */*
  Parameters: {"id"=>"1"}
  [1m[36mBooking Load (0.2ms)[0m  [1m[34mSELECT "bookings".* FROM "bookings" WHERE "bookings"."id" = ? LIMIT ?[0m  [["id", 1], ["LIMIT", 1]]
  ↳ app/controllers/bookings_controller.rb:40:in `set_booking'
  [1m[36mTRANSACTION (0.1ms)[0m  [1m[36mbegin transaction[0m
  ↳ app/controllers/bookings_controller.rb:30:in `destroy'
  [1m[36mBooking Destroy (0.3ms)[0m  [1m[31mDELETE FROM "bookings" WHERE "bookings"."id" = ?[0m  [["id", 1]]
  ↳ app/controllers/bookings_controller.rb:30:in `destroy'
  [1m[36mTRANSACTION (8.1ms)[0m  [1m[36mcommit transaction[0m
  ↳ app/controllers/bookings_controller.rb:30:in `destroy'
Completed 200 OK in 20ms (Views: 0.2ms | ActiveRecord: 8.7ms | Allocations: 1805)


Started DELETE "/bookings/1" for 127.0.0.1 at 2023-07-06 12:23:23 +0300
Processing by BookingsController#destroy as */*
  Parameters: {"id"=>"1"}
  [1m[36mBooking Load (0.2ms)[0m  [1m[34mSELECT "bookings".* FROM "bookings" WHERE "bookings"."id" = ? LIMIT ?[0m  [["id", 1], ["LIMIT", 1]]
  ↳ app/controllers/bookings_controller.rb:40:in `set_booking'
Completed 404 Not Found in 2ms (Views: 0.2ms | ActiveRecord: 0.2ms | Allocations: 507)


Started DELETE "/bookings" for 127.0.0.1 at 2023-07-06 12:23:29 +0300
  
ActionController::RoutingError (No route matches [DELETE] "/bookings"):
  
Started DELETE "/bookings" for 127.0.0.1 at 2023-07-06 12:23:39 +0300
  
ActionController::RoutingError (No route matches [DELETE] "/bookings"):
  
Started DELETE "/cabs" for 127.0.0.1 at 2023-07-06 12:24:36 +0300
  
ActionController::RoutingError (No route matches [DELETE] "/cabs"):
  
Started DELETE "/cabs" for 127.0.0.1 at 2023-07-06 12:26:11 +0300
  
ActionController::RoutingError (No route matches [DELETE] "/cabs"):
  
Started DELETE "/cabs" for 127.0.0.1 at 2023-07-06 12:26:19 +0300
  
ActionController::RoutingError (No route matches [DELETE] "/cabs"):
  
Started GET "/bookings" for 127.0.0.1 at 2023-07-06 12:26:25 +0300
Processing by BookingsController#index as HTML
  [1m[36mBooking Load (0.1ms)[0m  [1m[34mSELECT "bookings".* FROM "bookings"[0m
  ↳ app/controllers/bookings_controller.rb:16:in `index'
Completed 200 OK in 21ms (Views: 12.9ms | ActiveRecord: 2.2ms | Allocations: 4759)


Started GET "/bookings" for 127.0.0.1 at 2023-07-06 12:26:27 +0300
Processing by BookingsController#index as HTML
  [1m[36mBooking Load (0.2ms)[0m  [1m[34mSELECT "bookings".* FROM "bookings"[0m
  ↳ app/controllers/bookings_controller.rb:16:in `index'
Completed 200 OK in 9ms (Views: 8.5ms | ActiveRecord: 0.2ms | Allocations: 1099)


Started GET "/cabs" for 127.0.0.1 at 2023-07-06 12:26:35 +0300
Processing by CabsController#index as HTML
  [1m[36mCab Load (0.6ms)[0m  [1m[34mSELECT "cabs".* FROM "cabs"[0m
  ↳ app/controllers/cabs_controller.rb:4:in `index'
Completed 200 OK in 23ms (Views: 17.6ms | ActiveRecord: 1.4ms | Allocations: 7332)


Started GET "/cabs" for 127.0.0.1 at 2023-07-06 12:27:47 +0300
Processing by CabsController#index as */*
  [1m[36mCab Load (0.2ms)[0m  [1m[34mSELECT "cabs".* FROM "cabs"[0m
  ↳ app/controllers/cabs_controller.rb:4:in `index'
Completed 200 OK in 16ms (Views: 12.3ms | ActiveRecord: 1.8ms | Allocations: 7690)


Started GET "/bookings" for 127.0.0.1 at 2023-07-06 12:27:57 +0300
Processing by BookingsController#index as */*
  [1m[36mBooking Load (0.2ms)[0m  [1m[34mSELECT "bookings".* FROM "bookings"[0m
  ↳ app/controllers/bookings_controller.rb:16:in `index'
Completed 200 OK in 10ms (Views: 5.5ms | ActiveRecord: 1.1ms | Allocations: 4458)


Started GET "/bookings/3" for 127.0.0.1 at 2023-07-06 12:28:06 +0300
Processing by BookingsController#show as */*
  Parameters: {"id"=>"3"}
  [1m[36mBooking Load (0.3ms)[0m  [1m[34mSELECT "bookings".* FROM "bookings" WHERE "bookings"."id" = ? LIMIT ?[0m  [["id", 3], ["LIMIT", 1]]
  ↳ app/controllers/bookings_controller.rb:40:in `set_booking'
Completed 200 OK in 4ms (Views: 0.5ms | ActiveRecord: 0.3ms | Allocations: 742)


Started GET "/bookings/2" for 127.0.0.1 at 2023-07-06 12:28:09 +0300
Processing by BookingsController#show as */*
  Parameters: {"id"=>"2"}
  [1m[36mBooking Load (0.1ms)[0m  [1m[34mSELECT "bookings".* FROM "bookings" WHERE "bookings"."id" = ? LIMIT ?[0m  [["id", 2], ["LIMIT", 1]]
  ↳ app/controllers/bookings_controller.rb:40:in `set_booking'
Completed 404 Not Found in 2ms (Views: 0.3ms | ActiveRecord: 0.1ms | Allocations: 507)


Started POST "/bookings" for 127.0.0.1 at 2023-07-06 12:30:16 +0300
Processing by BookingsController#create as */*
  Parameters: {"customer_name"=>"John Doe", "pickup_location"=>"Location A", "dropoff_location"=>"Location B", "cab_id"=>1, "booking"=>{"customer_name"=>"John Doe", "pickup_location"=>"Location A", "dropoff_location"=>"Location B", "cab_id"=>1}}
  [1m[36mTRANSACTION (0.1ms)[0m  [1m[36mbegin transaction[0m
  ↳ app/controllers/bookings_controller.rb:7:in `create'
  [1m[36mCab Load (0.2ms)[0m  [1m[34mSELECT "cabs".* FROM "cabs" WHERE "cabs"."id" = ? LIMIT ?[0m  [["id", 1], ["LIMIT", 1]]
  ↳ app/controllers/bookings_controller.rb:7:in `create'
  [1m[36mBooking Exists? (0.2ms)[0m  [1m[34mSELECT 1 AS one FROM "bookings" WHERE "bookings"."cab_id" = ? LIMIT ?[0m  [["cab_id", 1], ["LIMIT", 1]]
  ↳ app/models/booking.rb:10:in `validate_cab_availability'
  [1m[36mBooking Exists? (0.2ms)[0m  [1m[34mSELECT 1 AS one FROM "bookings" WHERE "bookings"."customer_name" = ? LIMIT ?[0m  [["customer_name", "John Doe"], ["LIMIT", 1]]
  ↳ app/models/booking.rb:16:in `validate_customer_booking'
  [1m[36mTRANSACTION (0.1ms)[0m  [1m[31mrollback transaction[0m
  ↳ app/controllers/bookings_controller.rb:7:in `create'
Completed 422 Unprocessable Entity in 38ms (Views: 0.2ms | ActiveRecord: 0.8ms | Allocations: 8441)


  [1m[36mActiveRecord::SchemaMigration Pluck (0.2ms)[0m  [1m[34mSELECT "schema_migrations"."version" FROM "schema_migrations" ORDER BY "schema_migrations"."version" ASC[0m
  [1m[36mActiveRecord::InternalMetadata Load (0.4ms)[0m  [1m[34mSELECT "ar_internal_metadata".* FROM "ar_internal_metadata" WHERE "ar_internal_metadata"."key" = ? LIMIT ?[0m  [["key", "environment"], ["LIMIT", 1]]
  [1m[36mActiveRecord::SchemaMigration Pluck (0.1ms)[0m  [1m[34mSELECT "schema_migrations"."version" FROM "schema_migrations" ORDER BY "schema_migrations"."version" ASC[0m
  [1m[36mActiveRecord::SchemaMigration Pluck (0.2ms)[0m  [1m[34mSELECT "schema_migrations"."version" FROM "schema_migrations" ORDER BY "schema_migrations"."version" ASC[0m
  [1m[36mActiveRecord::InternalMetadata Load (0.2ms)[0m  [1m[34mSELECT "ar_internal_metadata".* FROM "ar_internal_metadata" WHERE "ar_internal_metadata"."key" = ? LIMIT ?[0m  [["key", "environment"], ["LIMIT", 1]]
  [1m[36mActiveRecord::SchemaMigration Pluck (0.1ms)[0m  [1m[34mSELECT "schema_migrations"."version" FROM "schema_migrations" ORDER BY "schema_migrations"."version" ASC[0m
